<?xml version="1.0" encoding="UTF-8"?>
<robot generator="Robot 3.2.2 (Python 3.7.9 on win32)" generated="20201015 10:58:38.323" rpa="false">
<suite id="s1" name="Tests" source="C:\Users\tung.nguyen\Documents\demo-app\tests">
<suite id="s1-s1" name="Tests" source="C:\Users\tung.nguyen\Documents\demo-app\tests\Tests">
<suite id="s1-s1-s1" name="TC0" source="C:\Users\tung.nguyen\Documents\demo-app\tests\Tests\TC0.robot">
<test id="s1-s1-s1-t1" name="Test Case 0">
<kw name="Begin The Test" library="Common">
<kw name="Open Browser" library="SeleniumLibrary">
<doc>Opens a new browser instance to the optional ``url``.</doc>
<arguments>
<arg>http://127.0.0.1:3000</arg>
<arg>gc</arg>
</arguments>
<msg timestamp="20201015 10:58:38.480" level="INFO">Opening browser 'gc' to base url 'http://127.0.0.1:3000'.</msg>
<kw name="Capture Page Screenshot" library="SeleniumLibrary">
<doc>Takes a screenshot of the current page and embeds it into a log file.</doc>
<msg timestamp="20201015 10:58:38.480" level="INFO">Cannot capture screenshot because no browser is open.</msg>
<status status="PASS" starttime="20201015 10:58:38.480" endtime="20201015 10:58:38.480"></status>
</kw>
<msg timestamp="20201015 10:58:38.480" level="FAIL">WebDriverException: Message: 'chromedriver' executable needs to be in PATH. Please see https://sites.google.com/a/chromium.org/chromedriver/home
</msg>
<status status="FAIL" starttime="20201015 10:58:38.480" endtime="20201015 10:58:38.480"></status>
</kw>
<status status="FAIL" starttime="20201015 10:58:38.480" endtime="20201015 10:58:38.480"></status>
</kw>
<tags>
<tag>Smoke</tag>
</tags>
<status status="FAIL" starttime="20201015 10:58:38.464" endtime="20201015 10:58:38.480" critical="yes">WebDriverException: Message: 'chromedriver' executable needs to be in PATH. Please see https://sites.google.com/a/chromium.org/chromedriver/home
</status>
</test>
<doc>This is basic test for GUI</doc>
<status status="FAIL" starttime="20201015 10:58:38.339" endtime="20201015 10:58:38.480"></status>
</suite>
<status status="FAIL" starttime="20201015 10:58:38.339" endtime="20201015 10:58:38.480"></status>
</suite>
<status status="FAIL" starttime="20201015 10:58:38.323" endtime="20201015 10:58:38.480"></status>
</suite>
<statistics>
<total>
<stat pass="0" fail="1">Critical Tests</stat>
<stat pass="0" fail="1">All Tests</stat>
</total>
<tag>
<stat pass="0" fail="1">Smoke</stat>
</tag>
<suite>
<stat pass="0" fail="1" id="s1" name="Tests">Tests</stat>
<stat pass="0" fail="1" id="s1-s1" name="Tests">Tests.Tests</stat>
<stat pass="0" fail="1" id="s1-s1-s1" name="TC0">Tests.Tests.TC0</stat>
</suite>
</statistics>
<errors>
</errors>
</robot>
